<?xml version="1.0" encoding="UTF-8"?>
<!-- Generated by org.testng.reporters.JUnitReportReporter -->
<testsuite hostname="Benjamin-D-1" failures="0" tests="1" name="mandatoryHomeWork.restAssuredAPITesting.herokuRestfulBooker.GetBooking" time="2.351" errors="0" timestamp="2023-08-29T20:23:12 IST" skipped="0">
  <testcase classname="mandatoryHomeWork.restAssuredAPITesting.herokuRestfulBooker.GetBooking" name="getBooking" time="2.351"/>
  <system-out/>
</testsuite> <!-- mandatoryHomeWork.restAssuredAPITesting.herokuRestfulBooker.GetBooking -->
