<?xml version="1.0" encoding="UTF-8"?>
<!-- Generated by org.testng.reporters.JUnitReportReporter -->
<testsuite hostname="Benjamin-D-1" failures="0" tests="7" name="mandatoryHomeWork.restAssuredAPITesting.herokuRestfulBooker.HerokuBooker" time="24.157" errors="0" timestamp="2023-09-05T19:09:29 IST" skipped="0">
  <testcase classname="mandatoryHomeWork.restAssuredAPITesting.herokuRestfulBooker.HerokuBooker" name="getBooking" time="2.388"/>
  <system-out/>
  <testcase classname="mandatoryHomeWork.restAssuredAPITesting.herokuRestfulBooker.HerokuBooker" name="ping" time="6.074"/>
  <system-out/>
  <testcase classname="mandatoryHomeWork.restAssuredAPITesting.herokuRestfulBooker.HerokuBooker" name="createToken" time="2.758"/>
  <system-out/>
  <testcase classname="mandatoryHomeWork.restAssuredAPITesting.herokuRestfulBooker.HerokuBooker" name="createBooking" time="2.159"/>
  <system-out/>
  <testcase classname="mandatoryHomeWork.restAssuredAPITesting.herokuRestfulBooker.HerokuBooker" name="updateBooking" time="2.682"/>
  <system-out/>
  <testcase classname="mandatoryHomeWork.restAssuredAPITesting.herokuRestfulBooker.HerokuBooker" name="deleteBooking" time="3.199"/>
  <system-out/>
  <testcase classname="mandatoryHomeWork.restAssuredAPITesting.herokuRestfulBooker.HerokuBooker" name="getBookingIDs" time="4.897"/>
  <system-out/>
</testsuite> <!-- mandatoryHomeWork.restAssuredAPITesting.herokuRestfulBooker.HerokuBooker -->
