<?xml version="1.0" encoding="UTF-8"?>
<!-- Generated by org.testng.reporters.JUnitReportReporter -->
<testsuite hostname="Benjamin-D-1" failures="0" tests="7" name="mandatoryHomeWork.restAssuredAPITesting.herokuRestfulBooker.HerokuBooker" time="25.272" errors="0" timestamp="2023-09-13T19:15:36 IST" skipped="0">
  <testcase classname="mandatoryHomeWork.restAssuredAPITesting.herokuRestfulBooker.HerokuBooker" name="getBookingIDs" time="4.188"/>
  <system-out/>
  <testcase classname="mandatoryHomeWork.restAssuredAPITesting.herokuRestfulBooker.HerokuBooker" name="updateBooking" time="1.928"/>
  <system-out/>
  <testcase classname="mandatoryHomeWork.restAssuredAPITesting.herokuRestfulBooker.HerokuBooker" name="deleteBooking" time="3.499"/>
  <system-out/>
  <testcase classname="mandatoryHomeWork.restAssuredAPITesting.herokuRestfulBooker.HerokuBooker" name="getBooking" time="4.381"/>
  <system-out/>
  <testcase classname="mandatoryHomeWork.restAssuredAPITesting.herokuRestfulBooker.HerokuBooker" name="createBooking" time="1.969"/>
  <system-out/>
  <testcase classname="mandatoryHomeWork.restAssuredAPITesting.herokuRestfulBooker.HerokuBooker" name="ping" time="6.516"/>
  <system-out/>
  <testcase classname="mandatoryHomeWork.restAssuredAPITesting.herokuRestfulBooker.HerokuBooker" name="createToken" time="2.791"/>
  <system-out/>
</testsuite> <!-- mandatoryHomeWork.restAssuredAPITesting.herokuRestfulBooker.HerokuBooker -->
