<?xml version="1.0" encoding="UTF-8"?>
<!-- Generated by org.testng.reporters.JUnitReportReporter -->
<testsuite hostname="Benjamin-D-1" failures="0" tests="1" name="mandatoryHomeWork.restAssuredAPITesting.herokuRestfulBooker.HealthCheck" time="5.170" errors="0" timestamp="2023-08-29T20:23:12 IST" skipped="0">
  <testcase classname="mandatoryHomeWork.restAssuredAPITesting.herokuRestfulBooker.HealthCheck" name="ping" time="5.170"/>
  <system-out/>
</testsuite> <!-- mandatoryHomeWork.restAssuredAPITesting.herokuRestfulBooker.HealthCheck -->
